<?xml version="1.0" encoding="UTF-8"?>
<coverage generated="1626681263600" clover="3.2.0">
  <project timestamp="1626681263600" name="All files">
    <metrics statements="52" coveredstatements="38" conditionals="18" coveredconditionals="5" methods="12" coveredmethods="5" elements="82" coveredelements="48" complexity="0" loc="52" ncloc="52" packages="2" files="2" classes="2"/>
    <package name="components">
      <metrics statements="10" coveredstatements="8" conditionals="2" coveredconditionals="0" methods="1" coveredmethods="0"/>
      <file name="ProfileItem.vue" path="/Volumes/Dev/Test/legislayer/src/components/ProfileItem.vue">
        <metrics statements="10" coveredstatements="8" conditionals="2" coveredconditionals="0" methods="1" coveredmethods="0"/>
        <line num="21" count="1" type="stmt"/>
        <line num="22" count="1" type="stmt"/>
        <line num="23" count="1" type="stmt"/>
        <line num="24" count="1" type="stmt"/>
        <line num="26" count="1" type="stmt"/>
        <line num="34" count="1" type="stmt"/>
        <line num="35" count="1" type="stmt"/>
        <line num="36" count="1" type="stmt"/>
        <line num="39" count="0" type="cond" truecount="0" falsecount="2"/>
        <line num="41" count="0" type="stmt"/>
      </file>
    </package>
    <package name="views">
      <metrics statements="42" coveredstatements="30" conditionals="16" coveredconditionals="5" methods="11" coveredmethods="5"/>
      <file name="Home.vue" path="/Volumes/Dev/Test/legislayer/src/views/Home.vue">
        <metrics statements="42" coveredstatements="30" conditionals="16" coveredconditionals="5" methods="11" coveredmethods="5"/>
        <line num="64" count="1" type="stmt"/>
        <line num="65" count="1" type="stmt"/>
        <line num="66" count="1" type="stmt"/>
        <line num="67" count="1" type="stmt"/>
        <line num="68" count="1" type="stmt"/>
        <line num="69" count="1" type="stmt"/>
        <line num="71" count="1" type="stmt"/>
        <line num="72" count="1" type="stmt"/>
        <line num="75" count="1" type="stmt"/>
        <line num="80" count="1" type="stmt"/>
        <line num="81" count="1" type="stmt"/>
        <line num="82" count="1" type="stmt"/>
        <line num="84" count="1" type="stmt"/>
        <line num="85" count="1" type="stmt"/>
        <line num="86" count="1" type="stmt"/>
        <line num="88" count="5" type="stmt"/>
        <line num="89" count="5" type="stmt"/>
        <line num="90" count="5" type="stmt"/>
        <line num="93" count="1" type="stmt"/>
        <line num="94" count="0" type="stmt"/>
        <line num="98" count="5" type="stmt"/>
        <line num="99" count="5" type="cond" truecount="1" falsecount="1"/>
        <line num="107" count="0" type="stmt"/>
        <line num="111" count="0" type="stmt"/>
        <line num="112" count="0" type="stmt"/>
        <line num="113" count="0" type="cond" truecount="0" falsecount="2"/>
        <line num="118" count="0" type="stmt"/>
        <line num="120" count="0" type="cond" truecount="0" falsecount="2"/>
        <line num="121" count="0" type="stmt"/>
        <line num="124" count="0" type="cond" truecount="0" falsecount="2"/>
        <line num="125" count="0" type="cond" truecount="0" falsecount="2"/>
        <line num="130" count="0" type="cond" truecount="0" falsecount="2"/>
        <line num="132" count="0" type="stmt"/>
        <line num="137" count="1" type="stmt"/>
        <line num="141" count="5" type="cond" truecount="2" falsecount="0"/>
        <line num="142" count="4" type="stmt"/>
        <line num="143" count="4" type="stmt"/>
        <line num="145" count="1" type="stmt"/>
        <line num="149" count="5" type="cond" truecount="2" falsecount="0"/>
        <line num="150" count="4" type="stmt"/>
        <line num="151" count="4" type="stmt"/>
        <line num="153" count="1" type="stmt"/>
      </file>
    </package>
  </project>
</coverage>
