{"/Volumes/Dev/Test/legislayer/src/components/ProfileItem.vue": {"path":"/Volumes/Dev/Test/legislayer/src/components/ProfileItem.vue","statementMap":{"0":{"start":{"line":21,"column":0},"end":{"line":21,"column":null}},"1":{"start":{"line":22,"column":0},"end":{"line":22,"column":null}},"2":{"start":{"line":23,"column":0},"end":{"line":23,"column":null}},"3":{"start":{"line":24,"column":0},"end":{"line":24,"column":null}},"4":{"start":{"line":26,"column":0},"end":{"line":26,"column":null}},"5":{"start":{"line":34,"column":0},"end":{"line":34,"column":null}},"6":{"start":{"line":39,"column":0},"end":{"line":39,"column":null}},"7":{"start":{"line":41,"column":0},"end":{"line":41,"column":null}},"8":{"start":{"line":35,"column":0},"end":{"line":35,"column":null}},"9":{"start":{"line":36,"column":0},"end":{"line":36,"column":null}},"10":{"start":{"line":34,"column":0},"end":{"line":29,"column":null}}},"fnMap":{"0":{"name":"(anonymous_1)","decl":{"start":{"line":38,"column":0},"end":{"line":38,"column":null}},"loc":{"start":{"line":38,"column":0},"end":{"line":42,"column":null}}}},"branchMap":{"0":{"loc":{"start":{"line":39,"column":0},"end":{"line":39,"column":null}},"type":"if","locations":[{"start":{"line":39,"column":0},"end":{"line":39,"column":null}},{"start":{"line":39,"column":0},"end":{"line":39,"column":null}}]}},"s":{"0":1,"1":1,"2":1,"3":1,"4":1,"5":1,"6":0,"7":0,"8":1,"9":1,"10":1},"f":{"0":0},"b":{"0":[0,0]}}
,"/Volumes/Dev/Test/legislayer/src/views/Home.vue": {"path":"/Volumes/Dev/Test/legislayer/src/views/Home.vue","statementMap":{"0":{"start":{"line":64,"column":0},"end":{"line":64,"column":null}},"1":{"start":{"line":65,"column":0},"end":{"line":65,"column":null}},"2":{"start":{"line":66,"column":0},"end":{"line":66,"column":null}},"3":{"start":{"line":67,"column":0},"end":{"line":67,"column":null}},"4":{"start":{"line":68,"column":0},"end":{"line":68,"column":null}},"5":{"start":{"line":69,"column":0},"end":{"line":69,"column":null}},"6":{"start":{"line":71,"column":0},"end":{"line":71,"column":null}},"7":{"start":{"line":72,"column":0},"end":{"line":72,"column":null}},"8":{"start":{"line":75,"column":0},"end":{"line":75,"column":null}},"9":{"start":{"line":80,"column":0},"end":{"line":80,"column":null}},"10":{"start":{"line":88,"column":0},"end":{"line":88,"column":null}},"11":{"start":{"line":89,"column":0},"end":{"line":89,"column":null}},"12":{"start":{"line":90,"column":0},"end":{"line":90,"column":null}},"13":{"start":{"line":94,"column":0},"end":{"line":94,"column":null}},"14":{"start":{"line":98,"column":0},"end":{"line":98,"column":null}},"15":{"start":{"line":99,"column":0},"end":{"line":99,"column":null}},"16":{"start":{"line":107,"column":0},"end":{"line":107,"column":null}},"17":{"start":{"line":111,"column":0},"end":{"line":111,"column":null}},"18":{"start":{"line":112,"column":0},"end":{"line":114,"column":null}},"19":{"start":{"line":113,"column":0},"end":{"line":113,"column":null}},"20":{"start":{"line":118,"column":0},"end":{"line":118,"column":null}},"21":{"start":{"line":120,"column":0},"end":{"line":122,"column":null}},"22":{"start":{"line":121,"column":0},"end":{"line":121,"column":null}},"23":{"start":{"line":124,"column":0},"end":{"line":133,"column":null}},"24":{"start":{"line":125,"column":0},"end":{"line":125,"column":null}},"25":{"start":{"line":130,"column":0},"end":{"line":130,"column":null}},"26":{"start":{"line":132,"column":0},"end":{"line":132,"column":null}},"27":{"start":{"line":137,"column":0},"end":{"line":137,"column":null}},"28":{"start":{"line":141,"column":0},"end":{"line":144,"column":null}},"29":{"start":{"line":142,"column":0},"end":{"line":142,"column":null}},"30":{"start":{"line":143,"column":0},"end":{"line":143,"column":null}},"31":{"start":{"line":145,"column":0},"end":{"line":145,"column":null}},"32":{"start":{"line":149,"column":0},"end":{"line":152,"column":null}},"33":{"start":{"line":150,"column":0},"end":{"line":150,"column":null}},"34":{"start":{"line":151,"column":0},"end":{"line":151,"column":null}},"35":{"start":{"line":153,"column":0},"end":{"line":153,"column":null}},"36":{"start":{"line":81,"column":0},"end":{"line":81,"column":null}},"37":{"start":{"line":82,"column":0},"end":{"line":82,"column":null}},"38":{"start":{"line":84,"column":0},"end":{"line":84,"column":null}},"39":{"start":{"line":85,"column":0},"end":{"line":85,"column":null}},"40":{"start":{"line":86,"column":0},"end":{"line":86,"column":null}},"41":{"start":{"line":93,"column":0},"end":{"line":93,"column":null}},"42":{"start":{"line":80,"column":0},"end":{"line":77,"column":null}}},"fnMap":{"0":{"name":"(anonymous_1)","decl":{"start":{"line":80,"column":0},"end":{"line":80,"column":null}},"loc":{"start":{"line":80,"column":0},"end":{"line":155,"column":null}}},"1":{"name":"(anonymous_2)","decl":{"start":{"line":93,"column":0},"end":{"line":93,"column":null}},"loc":{"start":{"line":93,"column":0},"end":{"line":95,"column":null}}},"2":{"name":"(anonymous_3)","decl":{"start":{"line":97,"column":0},"end":{"line":97,"column":null}},"loc":{"start":{"line":97,"column":0},"end":{"line":104,"column":null}}},"3":{"name":"(anonymous_4)","decl":{"start":{"line":106,"column":0},"end":{"line":106,"column":null}},"loc":{"start":{"line":106,"column":0},"end":{"line":108,"column":null}}},"4":{"name":"(anonymous_5)","decl":{"start":{"line":110,"column":0},"end":{"line":110,"column":null}},"loc":{"start":{"line":110,"column":0},"end":{"line":115,"column":null}}},"5":{"name":"(anonymous_6)","decl":{"start":{"line":112,"column":0},"end":{"line":112,"column":null}},"loc":{"start":{"line":112,"column":0},"end":{"line":114,"column":null}}},"6":{"name":"(anonymous_7)","decl":{"start":{"line":117,"column":0},"end":{"line":117,"column":null}},"loc":{"start":{"line":117,"column":0},"end":{"line":134,"column":null}}},"7":{"name":"(anonymous_8)","decl":{"start":{"line":125,"column":0},"end":{"line":125,"column":null}},"loc":{"start":{"line":125,"column":0},"end":{"line":125,"column":null}}},"8":{"name":"(anonymous_9)","decl":{"start":{"line":136,"column":0},"end":{"line":136,"column":null}},"loc":{"start":{"line":136,"column":0},"end":{"line":138,"column":null}}},"9":{"name":"(anonymous_10)","decl":{"start":{"line":140,"column":0},"end":{"line":140,"column":null}},"loc":{"start":{"line":140,"column":0},"end":{"line":146,"column":null}}},"10":{"name":"(anonymous_11)","decl":{"start":{"line":148,"column":0},"end":{"line":148,"column":null}},"loc":{"start":{"line":148,"column":0},"end":{"line":154,"column":null}}}},"branchMap":{"0":{"loc":{"start":{"line":99,"column":0},"end":{"line":99,"column":null}},"type":"cond-expr","locations":[{"start":{"line":99,"column":0},"end":{"line":99,"column":null}},{"start":{"line":99,"column":0},"end":{"line":99,"column":null}}]},"1":{"loc":{"start":{"line":113,"column":0},"end":{"line":113,"column":null}},"type":"if","locations":[{"start":{"line":113,"column":0},"end":{"line":113,"column":null}},{"start":{"line":113,"column":0},"end":{"line":113,"column":null}}]},"2":{"loc":{"start":{"line":120,"column":0},"end":{"line":122,"column":null}},"type":"if","locations":[{"start":{"line":120,"column":0},"end":{"line":122,"column":null}},{"start":{"line":120,"column":0},"end":{"line":122,"column":null}}]},"3":{"loc":{"start":{"line":124,"column":0},"end":{"line":133,"column":null}},"type":"if","locations":[{"start":{"line":124,"column":0},"end":{"line":133,"column":null}},{"start":{"line":124,"column":0},"end":{"line":133,"column":null}}]},"4":{"loc":{"start":{"line":125,"column":0},"end":{"line":125,"column":null}},"type":"binary-expr","locations":[{"start":{"line":125,"column":0},"end":{"line":125,"column":null}},{"start":{"line":125,"column":0},"end":{"line":125,"column":null}}]},"5":{"loc":{"start":{"line":130,"column":0},"end":{"line":130,"column":null}},"type":"if","locations":[{"start":{"line":130,"column":0},"end":{"line":130,"column":null}},{"start":{"line":130,"column":0},"end":{"line":130,"column":null}}]},"6":{"loc":{"start":{"line":141,"column":0},"end":{"line":144,"column":null}},"type":"if","locations":[{"start":{"line":141,"column":0},"end":{"line":144,"column":null}},{"start":{"line":141,"column":0},"end":{"line":144,"column":null}}]},"7":{"loc":{"start":{"line":149,"column":0},"end":{"line":152,"column":null}},"type":"if","locations":[{"start":{"line":149,"column":0},"end":{"line":152,"column":null}},{"start":{"line":149,"column":0},"end":{"line":152,"column":null}}]}},"s":{"0":1,"1":1,"2":1,"3":1,"4":1,"5":1,"6":1,"7":1,"8":1,"9":1,"10":5,"11":5,"12":5,"13":0,"14":5,"15":5,"16":0,"17":0,"18":0,"19":0,"20":0,"21":0,"22":0,"23":0,"24":0,"25":0,"26":0,"27":1,"28":5,"29":4,"30":4,"31":1,"32":5,"33":4,"34":4,"35":1,"36":1,"37":1,"38":1,"39":1,"40":1,"41":1,"42":1},"f":{"0":5,"1":0,"2":5,"3":0,"4":0,"5":0,"6":0,"7":0,"8":1,"9":5,"10":5},"b":{"0":[0,5],"1":[0,0],"2":[0,0],"3":[0,0],"4":[0,0],"5":[0,0],"6":[4,1],"7":[4,1]}}
}
