TN:
SF:/Volumes/Dev/Test/legislayer/src/components/ProfileItem.vue
FN:38,(anonymous_1)
FNF:1
FNH:0
FNDA:0,(anonymous_1)
DA:21,1
DA:22,1
DA:23,1
DA:24,1
DA:26,1
DA:34,1
DA:35,1
DA:36,1
DA:39,0
DA:41,0
LF:10
LH:8
BRDA:39,0,0,0
BRDA:39,0,1,0
BRF:2
BRH:0
end_of_record
TN:
SF:/Volumes/Dev/Test/legislayer/src/views/Home.vue
FN:80,(anonymous_1)
FN:93,(anonymous_2)
FN:97,(anonymous_3)
FN:106,(anonymous_4)
FN:110,(anonymous_5)
FN:112,(anonymous_6)
FN:117,(anonymous_7)
FN:125,(anonymous_8)
FN:136,(anonymous_9)
FN:140,(anonymous_10)
FN:148,(anonymous_11)
FNF:11
FNH:5
FNDA:5,(anonymous_1)
FNDA:0,(anonymous_2)
FNDA:5,(anonymous_3)
FNDA:0,(anonymous_4)
FNDA:0,(anonymous_5)
FNDA:0,(anonymous_6)
FNDA:0,(anonymous_7)
FNDA:0,(anonymous_8)
FNDA:1,(anonymous_9)
FNDA:5,(anonymous_10)
FNDA:5,(anonymous_11)
DA:64,1
DA:65,1
DA:66,1
DA:67,1
DA:68,1
DA:69,1
DA:71,1
DA:72,1
DA:75,1
DA:80,1
DA:81,1
DA:82,1
DA:84,1
DA:85,1
DA:86,1
DA:88,5
DA:89,5
DA:90,5
DA:93,1
DA:94,0
DA:98,5
DA:99,5
DA:107,0
DA:111,0
DA:112,0
DA:113,0
DA:118,0
DA:120,0
DA:121,0
DA:124,0
DA:125,0
DA:130,0
DA:132,0
DA:137,1
DA:141,5
DA:142,4
DA:143,4
DA:145,1
DA:149,5
DA:150,4
DA:151,4
DA:153,1
LF:42
LH:30
BRDA:99,0,0,0
BRDA:99,0,1,5
BRDA:113,1,0,0
BRDA:113,1,1,0
BRDA:120,2,0,0
BRDA:120,2,1,0
BRDA:124,3,0,0
BRDA:124,3,1,0
BRDA:125,4,0,0
BRDA:125,4,1,0
BRDA:130,5,0,0
BRDA:130,5,1,0
BRDA:141,6,0,4
BRDA:141,6,1,1
BRDA:149,7,0,4
BRDA:149,7,1,1
BRF:16
BRH:5
end_of_record
